<?xml version="1.0" encoding="UTF-8"?>
<robot generator="Robot 4.0 (Python 3.8.5 on linux)" generated="20210412 19:34:15.169" rpa="false" schemaversion="2">
<suite id="s1" name="Variaveis" source="/home/edson/workspace/courses/qa_ninja/robot_framework/robot_expert/start/variaveis.robot">
<test id="s1-t1" name="Exemplo 01">
<kw name="Obter Nome" library="nome">
<var>${nome}</var>
<msg timestamp="20210412 19:34:15.208" level="INFO">${nome} = Fernando</msg>
<status status="PASS" starttime="20210412 19:34:15.207" endtime="20210412 19:34:15.208"/>
</kw>
<kw name="Set Suite Variable" library="BuiltIn">
<arg>${nome}</arg>
<doc>Makes a variable available everywhere within the scope of the current suite.</doc>
<msg timestamp="20210412 19:34:15.209" level="INFO">${nome} = Fernando</msg>
<status status="PASS" starttime="20210412 19:34:15.208" endtime="20210412 19:34:15.209"/>
</kw>
<kw name="Log To Console" library="BuiltIn">
<arg>${nome}</arg>
<doc>Logs the given message to the console.</doc>
<status status="PASS" starttime="20210412 19:34:15.209" endtime="20210412 19:34:15.210"/>
</kw>
<kw name="Log To Console" library="BuiltIn">
<arg>${APELIDO}</arg>
<doc>Logs the given message to the console.</doc>
<status status="PASS" starttime="20210412 19:34:15.210" endtime="20210412 19:34:15.211"/>
</kw>
<status status="PASS" starttime="20210412 19:34:15.206" endtime="20210412 19:34:15.211"/>
</test>
<test id="s1-t2" name="Exemplo 02">
<kw name="Log To Console" library="BuiltIn">
<arg>${nome}</arg>
<doc>Logs the given message to the console.</doc>
<status status="PASS" starttime="20210412 19:34:15.212" endtime="20210412 19:34:15.213"/>
</kw>
<kw name="Log To Console" library="BuiltIn">
<arg>${APELIDO}</arg>
<doc>Logs the given message to the console.</doc>
<status status="PASS" starttime="20210412 19:34:15.213" endtime="20210412 19:34:15.214"/>
</kw>
<status status="PASS" starttime="20210412 19:34:15.212" endtime="20210412 19:34:15.214"/>
</test>
<doc>Exemplos de variáveis</doc>
<status status="PASS" starttime="20210412 19:34:15.170" endtime="20210412 19:34:15.215"/>
</suite>
<statistics>
<total>
<stat pass="2" fail="0" skip="0">All Tests</stat>
</total>
<tag>
</tag>
<suite>
<stat pass="2" fail="0" skip="0" id="s1" name="Variaveis">Variaveis</stat>
</suite>
</statistics>
<errors>
</errors>
</robot>
