<?xml version="1.0" encoding="UTF-8"?>
<robot generator="Robot 4.0 (Python 3.8.5 on linux)" generated="20210412 19:16:05.598" rpa="false" schemaversion="2">
<suite id="s1" name="Condicionais" source="/home/edson/workspace/courses/qa_ninja/robot_framework/robot_expert/start/condicionais.robot">
<test id="s1-t1" name="Navegador">
<kw name="Set Variable" library="BuiltIn">
<var>${browser}</var>
<arg>WebKit</arg>
<doc>Returns the given values which can then be assigned to a variables.</doc>
<msg timestamp="20210412 19:16:05.632" level="INFO">${browser} = WebKit</msg>
<status status="PASS" starttime="20210412 19:16:05.632" endtime="20210412 19:16:05.632"/>
</kw>
<if>
<branch type="IF" condition="'${browser}' == 'Firefox'">
<kw name="Log To Console" library="BuiltIn">
<arg>Chamando o Firefox</arg>
<doc>Logs the given message to the console.</doc>
<status status="NOT RUN" starttime="20210412 19:16:05.633" endtime="20210412 19:16:05.634"/>
</kw>
<status status="NOT RUN" starttime="20210412 19:16:05.633" endtime="20210412 19:16:05.634"/>
</branch>
<branch type="ELSE IF" condition="'${browser}' == 'Chrome'">
<kw name="Log To Console" library="BuiltIn">
<arg>Chamando o Chrome</arg>
<doc>Logs the given message to the console.</doc>
<status status="NOT RUN" starttime="20210412 19:16:05.634" endtime="20210412 19:16:05.634"/>
</kw>
<status status="NOT RUN" starttime="20210412 19:16:05.634" endtime="20210412 19:16:05.634"/>
</branch>
<branch type="ELSE IF" condition="'${browser}' == 'WebKit'">
<kw name="Log To Console" library="BuiltIn">
<arg>Chamando o WebKit</arg>
<doc>Logs the given message to the console.</doc>
<status status="PASS" starttime="20210412 19:16:05.635" endtime="20210412 19:16:05.635"/>
</kw>
<status status="PASS" starttime="20210412 19:16:05.635" endtime="20210412 19:16:05.635"/>
</branch>
<branch type="ELSE">
<kw name="Fail" library="BuiltIn">
<arg>Navegador Incorreto</arg>
<doc>Fails the test with the given message and optionally alters its tags.</doc>
<status status="NOT RUN" starttime="20210412 19:16:05.636" endtime="20210412 19:16:05.636"/>
</kw>
<status status="NOT RUN" starttime="20210412 19:16:05.635" endtime="20210412 19:16:05.636"/>
</branch>
<status status="PASS" starttime="20210412 19:16:05.633" endtime="20210412 19:16:05.636"/>
</if>
<tag>browser</tag>
<status status="PASS" starttime="20210412 19:16:05.631" endtime="20210412 19:16:05.637"/>
</test>
<doc>Trabalhando com Condicionais</doc>
<status status="PASS" starttime="20210412 19:16:05.600" endtime="20210412 19:16:05.638"/>
</suite>
<statistics>
<total>
<stat pass="1" fail="0" skip="0">All Tests</stat>
</total>
<tag>
<stat pass="1" fail="0" skip="0">browser</stat>
</tag>
<suite>
<stat pass="1" fail="0" skip="0" id="s1" name="Condicionais">Condicionais</stat>
</suite>
</statistics>
<errors>
</errors>
</robot>
