<?xml version="1.0" encoding="UTF-8"?>
<robot generator="Robot 4.0 (Python 3.8.5 on linux)" generated="20210413 12:50:16.909" rpa="false" schemaversion="2">
<suite id="s1" name="Dicionarios" source="/home/edson/workspace/courses/qa_ninja/robot_framework/robot_expert/start/dicionarios.robot">
<test id="s1-t1" name="Obtendo valores de um dicionário">
<kw name="Log To Console" library="BuiltIn">
<arg>${CARRO.hp}</arg>
<doc>Logs the given message to the console.</doc>
<status status="PASS" starttime="20210413 12:50:16.945" endtime="20210413 12:50:16.947"/>
</kw>
<status status="PASS" starttime="20210413 12:50:16.944" endtime="20210413 12:50:16.947"/>
</test>
<doc>Conhecendo os Dicionários do Robot (Nativo no Python)</doc>
<status status="PASS" starttime="20210413 12:50:16.910" endtime="20210413 12:50:16.948"/>
</suite>
<statistics>
<total>
<stat pass="1" fail="0" skip="0">All Tests</stat>
</total>
<tag>
</tag>
<suite>
<stat pass="1" fail="0" skip="0" id="s1" name="Dicionarios">Dicionarios</stat>
</suite>
</statistics>
<errors>
</errors>
</robot>
