<?xml version="1.0" encoding="UTF-8"?>
<robot generator="Robot 4.0 (Python 3.8.5 on linux)" generated="20210413 12:39:30.079" rpa="false" schemaversion="2">
<suite id="s1" name="Loops" source="/home/edson/workspace/courses/qa_ninja/robot_framework/robot_expert/start/loops.robot">
<test id="s1-t1" name="Novo Loops">
<for flavor="IN">
<var>${item}</var>
<value>@{AVENGERS}</value>
<iter>
<var name="${item}">Ironman</var>
<kw name="Exit For Loop If" library="BuiltIn">
<arg>$item == 'Thor'</arg>
<doc>Stops executing the enclosing for loop if the ``condition`` is true.</doc>
<status status="PASS" starttime="20210413 12:39:30.112" endtime="20210413 12:39:30.120"/>
</kw>
<kw name="Log To Console" library="BuiltIn">
<arg>Obtendo o vingador: ${item}</arg>
<doc>Logs the given message to the console.</doc>
<status status="PASS" starttime="20210413 12:39:30.121" endtime="20210413 12:39:30.121"/>
</kw>
<status status="PASS" starttime="20210413 12:39:30.111" endtime="20210413 12:39:30.121"/>
</iter>
<iter>
<var name="${item}">Hulk</var>
<kw name="Exit For Loop If" library="BuiltIn">
<arg>$item == 'Thor'</arg>
<doc>Stops executing the enclosing for loop if the ``condition`` is true.</doc>
<status status="PASS" starttime="20210413 12:39:30.121" endtime="20210413 12:39:30.122"/>
</kw>
<kw name="Log To Console" library="BuiltIn">
<arg>Obtendo o vingador: ${item}</arg>
<doc>Logs the given message to the console.</doc>
<status status="PASS" starttime="20210413 12:39:30.122" endtime="20210413 12:39:30.122"/>
</kw>
<status status="PASS" starttime="20210413 12:39:30.121" endtime="20210413 12:39:30.122"/>
</iter>
<iter>
<var name="${item}">Thor</var>
<kw name="Exit For Loop If" library="BuiltIn">
<arg>$item == 'Thor'</arg>
<doc>Stops executing the enclosing for loop if the ``condition`` is true.</doc>
<msg timestamp="20210413 12:39:30.123" level="INFO">Exiting for loop altogether.</msg>
<status status="PASS" starttime="20210413 12:39:30.123" endtime="20210413 12:39:30.124"/>
</kw>
<status status="PASS" starttime="20210413 12:39:30.123" endtime="20210413 12:39:30.124"/>
</iter>
<status status="PASS" starttime="20210413 12:39:30.110" endtime="20210413 12:39:30.124"/>
</for>
<tag>busca</tag>
<status status="PASS" starttime="20210413 12:39:30.109" endtime="20210413 12:39:30.124"/>
</test>
<doc>Laços de repetição (Loops)</doc>
<status status="PASS" starttime="20210413 12:39:30.081" endtime="20210413 12:39:30.125"/>
</suite>
<statistics>
<total>
<stat pass="1" fail="0" skip="0">All Tests</stat>
</total>
<tag>
<stat pass="1" fail="0" skip="0">busca</stat>
</tag>
<suite>
<stat pass="1" fail="0" skip="0" id="s1" name="Loops">Loops</stat>
</suite>
</statistics>
<errors>
</errors>
</robot>
